<?xml version="1.0" encoding="UTF-8"?>
<!-- Generated by org.testng.reporters.JUnitReportReporter -->
<testsuite skipped="0" hostname="Sonia" name="com.api.POST.POSTValidation" tests="1" failures="0" timestamp="13 Jan 2020 03:18:30 GMT" time="24.286" errors="0">
  <testcase name="enterCustomerDetails" time="24.286" classname="com.api.POST.POSTValidation"/>
</testsuite> <!-- com.api.POST.POSTValidation -->
