<?xml version="1.0" encoding="UTF-8"?>
<!-- Generated by org.testng.reporters.JUnitReportReporter -->
<testsuite skipped="0" hostname="Sonia" name="com.api.GET.WeatherValidationGet" tests="1" failures="0" timestamp="13 Jan 2020 03:20:07 GMT" time="3.600" errors="0">
  <testcase name="validateWeather" time="3.600" classname="com.api.GET.WeatherValidationGet"/>
</testsuite> <!-- com.api.GET.WeatherValidationGet -->
